<?xml version="1.0" encoding="UTF-8"?>
<testng-results ignored="0" total="1" passed="1" failed="0" skipped="0">
  <reporter-output>
  </reporter-output>
  <suite started-at="2018-04-11T01:47:55Z" name="Default suite" finished-at="2018-04-11T01:48:08Z" duration-ms="12573">
    <groups>
    </groups>
    <test started-at="2018-04-11T01:47:55Z" name="Default test" finished-at="2018-04-11T01:48:08Z" duration-ms="12573">
      <class name="com.automationpractice.test.SearchTest">
        <test-method is-config="true" signature="beforeAllClasses()[pri:0, instance:com.automationpractice.test.SearchTest@291b4bf5]" started-at="2018-04-11T07:17:55Z" name="beforeAllClasses" finished-at="2018-04-11T07:18:06Z" duration-ms="10149" status="PASS">
          <reporter-output>
          </reporter-output>
        </test-method> <!-- beforeAllClasses -->
        <test-method is-config="true" signature="setup()[pri:0, instance:com.automationpractice.test.SearchTest@291b4bf5]" started-at="2018-04-11T07:18:06Z" name="setup" finished-at="2018-04-11T07:18:06Z" duration-ms="42" status="PASS">
          <reporter-output>
          </reporter-output>
        </test-method> <!-- setup -->
        <test-method is-config="true" signature="beforeallmethod()[pri:0, instance:com.automationpractice.test.SearchTest@291b4bf5]" started-at="2018-04-11T07:18:06Z" name="beforeallmethod" finished-at="2018-04-11T07:18:06Z" duration-ms="0" status="PASS">
          <reporter-output>
          </reporter-output>
        </test-method> <!-- beforeallmethod -->
        <test-method signature="verify_SearchPage()[pri:0, instance:com.automationpractice.test.SearchTest@291b4bf5]" started-at="2018-04-11T07:18:06Z" name="verify_SearchPage" finished-at="2018-04-11T07:18:08Z" duration-ms="2124" status="PASS">
          <reporter-output>
          </reporter-output>
        </test-method> <!-- verify_SearchPage -->
        <test-method is-config="true" signature="tearDown()[pri:0, instance:com.automationpractice.test.SearchTest@291b4bf5]" started-at="2018-04-11T07:18:08Z" name="tearDown" finished-at="2018-04-11T07:18:08Z" duration-ms="221" status="PASS">
          <reporter-output>
          </reporter-output>
        </test-method> <!-- tearDown -->
      </class> <!-- com.automationpractice.test.SearchTest -->
    </test> <!-- Default test -->
  </suite> <!-- Default suite -->
</testng-results>
