<?xml version="1.0" encoding="UTF-8"?>
<testng-results ignored="0" total="3" passed="3" failed="0" skipped="0">
  <reporter-output>
  </reporter-output>
  <suite started-at="2018-04-19T18:32:46Z" name="Default suite" finished-at="2018-04-19T18:32:46Z" duration-ms="79">
    <groups>
    </groups>
    <test started-at="2018-04-19T18:32:46Z" name="Default test" finished-at="2018-04-19T18:32:46Z" duration-ms="79">
      <class name="com.automationpractice.test.dataproviderpractice">
        <test-method signature="testlogin(java.lang.String, java.lang.String)[pri:0, instance:com.automationpractice.test.dataproviderpractice@1757cd72]" started-at="2018-04-20T00:02:46Z" name="testlogin" data-provider="login" finished-at="2018-04-20T00:02:46Z" duration-ms="22" status="PASS">
          <params>
            <param index="0">
              <value>
                <![CDATA[admin1]]>
              </value>
            </param>
            <param index="1">
              <value>
                <![CDATA[manager1]]>
              </value>
            </param>
          </params>
          <reporter-output>
          </reporter-output>
        </test-method> <!-- testlogin -->
        <test-method signature="testlogin(java.lang.String, java.lang.String)[pri:0, instance:com.automationpractice.test.dataproviderpractice@1757cd72]" started-at="2018-04-20T00:02:46Z" name="testlogin" data-provider="login" finished-at="2018-04-20T00:02:46Z" duration-ms="2" status="PASS">
          <params>
            <param index="0">
              <value>
                <![CDATA[admin2]]>
              </value>
            </param>
            <param index="1">
              <value>
                <![CDATA[manager2]]>
              </value>
            </param>
          </params>
          <reporter-output>
          </reporter-output>
        </test-method> <!-- testlogin -->
        <test-method signature="testlogin(java.lang.String, java.lang.String)[pri:0, instance:com.automationpractice.test.dataproviderpractice@1757cd72]" started-at="2018-04-20T00:02:46Z" name="testlogin" data-provider="login" finished-at="2018-04-20T00:02:46Z" duration-ms="2" status="PASS">
          <params>
            <param index="0">
              <value>
                <![CDATA[admin3]]>
              </value>
            </param>
            <param index="1">
              <value>
                <![CDATA[manager3]]>
              </value>
            </param>
          </params>
          <reporter-output>
          </reporter-output>
        </test-method> <!-- testlogin -->
      </class> <!-- com.automationpractice.test.dataproviderpractice -->
    </test> <!-- Default test -->
  </suite> <!-- Default suite -->
</testng-results>
