<?xml version="1.0" encoding="UTF-8"?>
<!-- Generated by org.testng.reporters.JUnitXMLReporter -->
<testsuite ignored="1" hostname="Poojas-MacBook-Air.local" failures="1" tests="2" name="Functional tests" time="0.323" errors="0" timestamp="16 Apr 2018 16:38:10 GMT">
  <testcase classname="com.automationpractice.test.HomeTests" name="validate_Page" time="0.051"/>
  <testcase classname="com.automationpractice.test.WomenTests" name="verify_WomenPage" time="0.003">
    <failure type="java.lang.NullPointerException">
      <![CDATA[java.lang.NullPointerException
	at org.openqa.selenium.support.pagefactory.DefaultElementLocator.findElement(DefaultElementLocator.java:69)
	at org.openqa.selenium.support.pagefactory.internal.LocatingElementHandler.invoke(LocatingElementHandler.java:38)
	at com.sun.proxy.$Proxy13.click(Unknown Source)
	at com.automationpractice.pages.HomePage.clickOnWomentab(HomePage.java:36)
	at com.automationpractice.test.WomenTests.verify_WomenPage(WomenTests.java:27)
... Removed 25 stack frames]]>
    </failure>
  </testcase> <!-- verify_WomenPage -->
  <testcase classname="com.automationpractice.utils.TestBase" name="@BeforeSuite beforeAllClasses" time="0.0">
    <ignored/>
  </testcase> <!-- @BeforeSuite beforeAllClasses -->
</testsuite> <!-- Functional tests -->
